\BOOKMARK [0][-]{chapter.1}{第1章 SVGについて}{}% 1
\BOOKMARK [1][-]{section.1.1}{1.1 SVGとはなにか}{chapter.1}% 2
\BOOKMARK [1][-]{section.1.2}{1.2 XMLとは}{chapter.1}% 3
\BOOKMARK [1][-]{section.1.3}{1.3 SVGの画像を表示する方法}{chapter.1}% 4
\BOOKMARK [2][-]{subsection.1.3.1}{1.3.1 SVGが取り扱えるソフトウェア}{section.1.3}% 5
\BOOKMARK [1][-]{section.1.4}{1.4 HTML5について}{chapter.1}% 6
\BOOKMARK [2][-]{subsection.1.4.1}{1.4.1 HTML5までの道程}{section.1.4}% 7
\BOOKMARK [2][-]{subsection.1.4.2}{1.4.2 HTML5 における新機能}{section.1.4}% 8
\BOOKMARK [0][-]{chapter.2}{第2章 SVG入門}{}% 9
\BOOKMARK [1][-]{section.2.1}{2.1 SVGファイルを作成する方法と作成上の注意}{chapter.2}% 10
\BOOKMARK [1][-]{section.2.2}{2.2 SVGの基礎}{chapter.2}% 11
\BOOKMARK [2][-]{subsection.2.2.1}{2.2.1 座標系について}{section.2.2}% 12
\BOOKMARK [2][-]{subsection.2.2.2}{2.2.2 SVG 文書におけるコメントの記入方法}{section.2.2}% 13
\BOOKMARK [2][-]{subsection.2.2.3}{2.2.3 色について}{section.2.2}% 14
\BOOKMARK [1][-]{section.2.3}{2.3 直線}{chapter.2}% 15
\BOOKMARK [1][-]{section.2.4}{2.4 長方形}{chapter.2}% 16
\BOOKMARK [1][-]{section.2.5}{2.5 円と楕円}{chapter.2}% 17
\BOOKMARK [1][-]{section.2.6}{2.6 グラデーション}{chapter.2}% 18
\BOOKMARK [2][-]{subsection.2.6.1}{2.6.1 線形グラデーション}{section.2.6}% 19
\BOOKMARK [2][-]{subsection.2.6.2}{2.6.2 放射グラデーション}{section.2.6}% 20
\BOOKMARK [1][-]{section.2.7}{2.7 不透明度}{chapter.2}% 21
\BOOKMARK [0][-]{chapter.3}{第3章 SVGの図形}{}% 22
\BOOKMARK [1][-]{section.3.1}{3.1 折れ線と多角形}{chapter.3}% 23
\BOOKMARK [1][-]{section.3.2}{3.2 道のり\(Path\)}{chapter.3}% 24
\BOOKMARK [2][-]{subsection.3.2.1}{3.2.1 直線の組み合わせ}{section.3.2}% 25
\BOOKMARK [2][-]{subsection.3.2.2}{3.2.2 楕円の一部となる曲線}{section.3.2}% 26
\BOOKMARK [2][-]{subsection.3.2.3}{3.2.3 B\351zier曲線}{section.3.2}% 27
\BOOKMARK [1][-]{section.3.3}{3.3 transformについての補足}{chapter.3}% 28
\BOOKMARK [2][-]{subsection.3.3.1}{3.3.1 原点以外を中心とする回転}{section.3.3}% 29
\BOOKMARK [2][-]{subsection.3.3.2}{3.3.2 座標軸方向へのゆがみ}{section.3.3}% 30
\BOOKMARK [2][-]{subsection.3.3.3}{3.3.3 一般の線形変換}{section.3.3}% 31
\BOOKMARK [1][-]{section.3.4}{3.4 SVGパターン}{chapter.3}% 32
\BOOKMARK [1][-]{section.3.5}{3.5 画像の取り込み}{chapter.3}% 33
\BOOKMARK [1][-]{section.3.6}{3.6 画像の一部を見せる}{chapter.3}% 34
\BOOKMARK [0][-]{chapter.4}{第4章 アニメーション}{}% 35
\BOOKMARK [1][-]{section.4.1}{4.1 アニメーションにおける属性}{chapter.4}% 36
\BOOKMARK [1][-]{section.4.2}{4.2 位置を動かす\(<animateTransform> 要素\)}{chapter.4}% 37
\BOOKMARK [1][-]{section.4.3}{4.3 道のりに沿ったアニメーション\(<animateMotion> 要素\)}{chapter.4}% 38
\BOOKMARK [1][-]{section.4.4}{4.4 いろいろな属性に動きをつける}{chapter.4}% 39
\BOOKMARK [2][-]{subsection.4.4.1}{4.4.1 一般の属性に変化をつける\(<animate> 要素\)}{section.4.4}% 40
\BOOKMARK [2][-]{subsection.4.4.2}{4.4.2 属性値をすぐに変える\204<set> 要素を利用したアニメーション}{section.4.4}% 41
\BOOKMARK [1][-]{section.4.5}{4.5 複数の値を指定する\(keyTimes,values\)}{chapter.4}% 42
\BOOKMARK [1][-]{section.4.6}{4.6 イベントを利用したアニメーション}{chapter.4}% 43
\BOOKMARK [2][-]{subsection.4.6.1}{4.6.1 イベントとは}{section.4.6}% 44
\BOOKMARK [2][-]{subsection.4.6.2}{4.6.2 マウスのイベントを利用したアニメーション}{section.4.6}% 45
\BOOKMARK [2][-]{subsection.4.6.3}{4.6.3 アニメーション終了のイベントを利用する}{section.4.6}% 46
\BOOKMARK [1][-]{section.4.7}{4.7 アニメーションがついた錯視図形}{chapter.4}% 47
\BOOKMARK [0][-]{chapter.5}{第5章 文字列の表示}{}% 48
\BOOKMARK [1][-]{section.5.1}{5.1 文字列表示の基礎}{chapter.5}% 49
\BOOKMARK [1][-]{section.5.2}{5.2 部分的に文字の表示を変える方法}{chapter.5}% 50
\BOOKMARK [1][-]{section.5.3}{5.3 文字をグラデーションで塗る}{chapter.5}% 51
\BOOKMARK [1][-]{section.5.4}{5.4 道程に沿った文字列の配置}{chapter.5}% 52
\BOOKMARK [1][-]{section.5.5}{5.5 円周上に沿って文字列が移動するアニメーション}{chapter.5}% 53
\BOOKMARK [0][-]{chapter.6}{第6章 フィルタ}{}% 54
\BOOKMARK [1][-]{section.6.1}{6.1 フィルターに関する一般的な注意}{chapter.6}% 55
\BOOKMARK [1][-]{section.6.2}{6.2 画像をぼかす\(feGaussianBlurフィルタ\)}{chapter.6}% 56
\BOOKMARK [1][-]{section.6.3}{6.3 影をつける\(feOffsetフィルタとfeMergeフィルタ\)}{chapter.6}% 57
\BOOKMARK [1][-]{section.6.4}{6.4 画像を合成する\(feImageフィルタとfeBlendフィルタ\)}{chapter.6}% 58
\BOOKMARK [1][-]{section.6.5}{6.5 与えられた画像の色を変える}{chapter.6}% 59
\BOOKMARK [2][-]{subsection.6.5.1}{6.5.1 feColorMatrixフィルタ}{section.6.5}% 60
\BOOKMARK [2][-]{subsection.6.5.2}{6.5.2 feComponentTransferフィルタ}{section.6.5}% 61
\BOOKMARK [1][-]{section.6.6}{6.6 画像を単一色で塗りつぶす\(feFloodフィルタ\)}{chapter.6}% 62
\BOOKMARK [1][-]{section.6.7}{6.7 複雑な画像の合成\(feCompositeフィルタ\)}{chapter.6}% 63
\BOOKMARK [1][-]{section.6.8}{6.8 光を当てる}{chapter.6}% 64
\BOOKMARK [2][-]{subsection.6.8.1}{6.8.1 光源の種類}{section.6.8}% 65
\BOOKMARK [2][-]{subsection.6.8.2}{6.8.2 feDeffuseLightingフィルタ}{section.6.8}% 66
\BOOKMARK [2][-]{subsection.6.8.3}{6.8.3 feSpecularLightingフィルタ}{section.6.8}% 67
\BOOKMARK [1][-]{section.6.9}{6.9 feTurbulenceフィルタ}{chapter.6}% 68
\BOOKMARK [0][-]{chapter.7}{第7章 JavaScriptを利用したSVG図形の生成}{}% 69
\BOOKMARK [1][-]{section.7.1}{7.1 インターラクティブなSVGを作成するための準備}{chapter.7}% 70
\BOOKMARK [2][-]{subsection.7.1.1}{7.1.1 JavaScript}{section.7.1}% 71
\BOOKMARK [2][-]{subsection.7.1.2}{7.1.2 DOM\(Docunment Object Model\)}{section.7.1}% 72
\BOOKMARK [2][-]{subsection.7.1.3}{7.1.3 DOM のメソッドとプロパティ}{section.7.1}% 73
\BOOKMARK [0][-]{appendix.A}{付 録A \040SVGの色名}{}% 74
\BOOKMARK [0][-]{appendix.B}{付 録B \040参考文献について}{}% 75
\BOOKMARK [0][-]{appendix.C}{付 録C \040JavaScript入門}{}% 76
\BOOKMARK [1][-]{section.C.1}{C.1 JavaScriptとは}{appendix.C}% 77
\BOOKMARK [1][-]{section.C.2}{C.2 データの型}{appendix.C}% 78
\BOOKMARK [2][-]{subsection.C.2.1}{C.2.1 プリミティブデータ型}{section.C.2}% 79
\BOOKMARK [2][-]{subsection.C.2.2}{C.2.2 配列}{section.C.2}% 80
\BOOKMARK [1][-]{section.C.3}{C.3 演算子}{appendix.C}% 81
\BOOKMARK [2][-]{subsection.C.3.1}{C.3.1 代入、四則演算}{section.C.3}% 82
\BOOKMARK [2][-]{subsection.C.3.2}{C.3.2 比較演算子}{section.C.3}% 83
\BOOKMARK [1][-]{section.C.4}{C.4 制御構造}{appendix.C}% 84
\BOOKMARK [2][-]{subsection.C.4.1}{C.4.1 if文}{section.C.4}% 85
\BOOKMARK [2][-]{subsection.C.4.2}{C.4.2 switch文}{section.C.4}% 86
\BOOKMARK [2][-]{subsection.C.4.3}{C.4.3 for文とwhile文}{section.C.4}% 87
\BOOKMARK [1][-]{section.C.5}{C.5 関数}{appendix.C}% 88
\BOOKMARK [2][-]{subsection.C.5.1}{C.5.1 関数の定義と呼び出し}{section.C.5}% 89
\BOOKMARK [2][-]{subsection.C.5.2}{C.5.2 仮引数への代入}{section.C.5}% 90
\BOOKMARK [2][-]{subsection.C.5.3}{C.5.3 argumentsについて}{section.C.5}% 91
\BOOKMARK [1][-]{section.C.6}{C.6 変数のスコープと簡単な例}{appendix.C}% 92
\BOOKMARK [2][-]{subsection.C.6.1}{C.6.1 JavaScriptにおける関数の特徴}{section.C.6}% 93
\BOOKMARK [2][-]{subsection.C.6.2}{C.6.2 クロージャ}{section.C.6}% 94
\BOOKMARK [1][-]{section.C.7}{C.7 配列のメソッド}{appendix.C}% 95
\BOOKMARK [1][-]{section.C.8}{C.8 オブジェクト}{appendix.C}% 96
\BOOKMARK [2][-]{subsection.C.8.1}{C.8.1 配列とオブジェクト}{section.C.8}% 97
\BOOKMARK [2][-]{subsection.C.8.2}{C.8.2 コンストラクタ関数}{section.C.8}% 98
\BOOKMARK [2][-]{subsection.C.8.3}{C.8.3 オブジェクトリテラルとJSON}{section.C.8}% 99
\BOOKMARK [2][-]{subsection.C.8.4}{C.8.4 ECMAScript5のオブジェクト属性}{section.C.8}% 100
\BOOKMARK [2][-]{subsection.C.8.5}{C.8.5 エラーオブジェクトについて}{section.C.8}% 101
\BOOKMARK [0][-]{appendix.D}{付 録D \040CSSについて}{}% 102
\BOOKMARK [0][-]{Problem.D.3}{索引}{}% 103
\BOOKMARK [1][-]{section*.51}{SVGの用語}{Problem.D.3}% 104
\BOOKMARK [1][-]{section*.51}{HTMLの用語}{Problem.D.3}% 105
\BOOKMARK [1][-]{section*.51}{JavaScriptの用語}{Problem.D.3}% 106
\BOOKMARK [1][-]{section*.51}{一般}{Problem.D.3}% 107
