This is e-pTeX, Version 3.14159265-p3.7-160201-2.6 (utf8.sjis) (TeX Live 2016/W32TeX) (preloaded format=platex 2016.4.2)  16 APR 2017 08:23
entering extended mode
 restricted \write18 enabled.
 %&-line parsing enabled.
**./00svg-all.tex
(./00svg-all.tex
pLaTeX2e <2006/11/10> (based on LaTeX2e <2016/03/31> patch level 0)
Babel <3.9q> and hyphenation patterns for 81 language(s) loaded.
(./Macro/svg-macro.tex (c:/usr/local/share/texmf-dist/tex/platex/base/jbook.cls
Document Class: jbook 2006/06/27 v1.6 Standard pLaTeX class
\c@@paper=\count81
(c:/usr/local/share/texmf-dist/tex/platex/base/jbk10.clo
File: jbk10.clo 2006/06/27 v1.6 Standard pLaTeX file (size option)
)
\c@part=\count82
\c@chapter=\count83
\c@section=\count84
\c@subsection=\count85
\c@subsubsection=\count86
\c@paragraph=\count87
\c@subparagraph=\count88
\c@figure=\count89
\c@table=\count90
\abovecaptionskip=\skip41
\belowcaptionskip=\skip42
\symmincho=\mathgroup4
LaTeX Font Info:    Overwriting symbol font `mincho' in version `bold'
(Font)                  JY1/mc/m/n --> JY1/gt/m/n on input line 680.
\toclineskip=\dimen118
\@lnumwidth=\dimen119
\bibindent=\dimen120
\heisei=\count91
)
(c:/usr/local/share/texmf-dist/tex/generic/oberdiek/atbegshi.sty
Package: atbegshi 2011/10/05 v1.16 At begin shipout hook (HO)

(c:/usr/local/share/texmf-dist/tex/generic/oberdiek/infwarerr.sty
Package: infwarerr 2010/04/08 v1.3 Providing info/warning/error messages (HO)
)
(c:/usr/local/share/texmf-dist/tex/generic/oberdiek/ltxcmds.sty
Package: ltxcmds 2011/11/09 v1.22 LaTeX kernel commands for general use (HO)
)
(c:/usr/local/share/texmf-dist/tex/generic/oberdiek/ifpdf.sty
Package: ifpdf 2011/01/30 v2.3 Provides the ifpdf switch (HO)
Package ifpdf Info: pdfTeX in PDF mode is not detected.
))
(c:/usr/local/share/texmf-dist/tex/latex/graphics/graphicx.sty
Package: graphicx 2014/10/28 v1.0g Enhanced LaTeX Graphics (DPC,SPQR)

(c:/usr/local/share/texmf-dist/tex/latex/graphics/keyval.sty
Package: keyval 2014/10/28 v1.15 key=value parser (DPC)
\KV@toks@=\toks15
)
(c:/usr/local/share/texmf-dist/tex/latex/graphics/graphics.sty
Package: graphics 2016/01/03 v1.0q Standard LaTeX Graphics (DPC,SPQR)

(c:/usr/local/share/texmf-dist/tex/latex/graphics/trig.sty
Package: trig 2016/01/03 v1.10 sin cos tan (DPC)
)
(c:/usr/local/share/texmf-dist/tex/latex/config/graphics.cfg
File: graphics.cfg 2016/01/02 v1.10 graphics configuration of TeX Live
)
Package graphics Info: Driver file: dvipdfm.def on input line 95.

(c:/usr/local/share/texmf-dist/tex/latex/dvipdfm-def/dvipdfm.def
File: dvipdfm.def 1999/9/6 vx.x Driver-dependant file
))
\Gin@req@height=\dimen121
\Gin@req@width=\dimen122
)
(c:/usr/local/share/texmf-dist/tex/latex/graphics/color.sty
Package: color 2016/01/03 v1.1b Standard LaTeX Color (DPC)

(c:/usr/local/share/texmf-dist/tex/latex/config/color.cfg
File: color.cfg 2016/01/02 v1.6 color configuration of teTeX/TeXLive
)
Package color Info: Driver file: dvipdfm.def on input line 143.

(c:/usr/local/share/texmf-dist/tex/latex/graphics/dvipsnam.def
File: dvipsnam.def 2015/12/30 v3.0k Driver-dependent file (DPC,SPQR)
))
(c:/usr/local/share/texmf-dist/tex/latex/psnfss/mathptmx.sty
Package: mathptmx 2005/04/12 PSNFSS-v9.2a Times w/ Math, improved (SPQR, WaS) 
LaTeX Font Info:    Redeclaring symbol font `operators' on input line 28.
LaTeX Font Info:    Overwriting symbol font `operators' in version `normal'
(Font)                  OT1/cmr/m/n --> OT1/ztmcm/m/n on input line 28.
LaTeX Font Info:    Overwriting symbol font `operators' in version `bold'
(Font)                  OT1/cmr/bx/n --> OT1/ztmcm/m/n on input line 28.
LaTeX Font Info:    Redeclaring symbol font `letters' on input line 29.
LaTeX Font Info:    Overwriting symbol font `letters' in version `normal'
(Font)                  OML/cmm/m/it --> OML/ztmcm/m/it on input line 29.
LaTeX Font Info:    Overwriting symbol font `letters' in version `bold'
(Font)                  OML/cmm/b/it --> OML/ztmcm/m/it on input line 29.
LaTeX Font Info:    Redeclaring symbol font `symbols' on input line 30.
LaTeX Font Info:    Overwriting symbol font `symbols' in version `normal'
(Font)                  OMS/cmsy/m/n --> OMS/ztmcm/m/n on input line 30.
LaTeX Font Info:    Overwriting symbol font `symbols' in version `bold'
(Font)                  OMS/cmsy/b/n --> OMS/ztmcm/m/n on input line 30.
LaTeX Font Info:    Redeclaring symbol font `largesymbols' on input line 31.
LaTeX Font Info:    Overwriting symbol font `largesymbols' in version `normal'
(Font)                  OMX/cmex/m/n --> OMX/ztmcm/m/n on input line 31.
LaTeX Font Info:    Overwriting symbol font `largesymbols' in version `bold'
(Font)                  OMX/cmex/m/n --> OMX/ztmcm/m/n on input line 31.
\symbold=\mathgroup5
\symitalic=\mathgroup6
LaTeX Font Info:    Redeclaring math alphabet \mathbf on input line 34.
LaTeX Font Info:    Overwriting math alphabet `\mathbf' in version `normal'
(Font)                  OT1/cmr/bx/n --> OT1/ptm/bx/n on input line 34.
LaTeX Font Info:    Overwriting math alphabet `\mathbf' in version `bold'
(Font)                  OT1/cmr/bx/n --> OT1/ptm/bx/n on input line 34.
LaTeX Font Info:    Redeclaring math alphabet \mathit on input line 35.
LaTeX Font Info:    Overwriting math alphabet `\mathit' in version `normal'
(Font)                  OT1/cmr/m/it --> OT1/ptm/m/it on input line 35.
LaTeX Font Info:    Overwriting math alphabet `\mathit' in version `bold'
(Font)                  OT1/cmr/bx/it --> OT1/ptm/m/it on input line 35.
LaTeX Info: Redefining \hbar on input line 50.
)
(c:/usr/local/share/texmf-dist/tex/latex/amsmath/amsmath.sty
Package: amsmath 2016/03/10 v2.15b AMS math features
\@mathmargin=\skip43

For additional information on amsmath, use the `?' option.
(c:/usr/local/share/texmf-dist/tex/latex/amsmath/amstext.sty
Package: amstext 2000/06/29 v2.01 AMS text

(c:/usr/local/share/texmf-dist/tex/latex/amsmath/amsgen.sty
File: amsgen.sty 1999/11/30 v2.0 generic functions
\@emptytoks=\toks16
\ex@=\dimen123
))
(c:/usr/local/share/texmf-dist/tex/latex/amsmath/amsbsy.sty
Package: amsbsy 1999/11/29 v1.2d Bold Symbols
\pmbraise@=\dimen124
)
(c:/usr/local/share/texmf-dist/tex/latex/amsmath/amsopn.sty
Package: amsopn 2016/03/08 v2.02 operator names
)
\inf@bad=\count92
LaTeX Info: Redefining \frac on input line 199.
\uproot@=\count93
\leftroot@=\count94
LaTeX Info: Redefining \overline on input line 297.
\classnum@=\count95
\DOTSCASE@=\count96
LaTeX Info: Redefining \ldots on input line 394.
LaTeX Info: Redefining \dots on input line 397.
LaTeX Info: Redefining \cdots on input line 518.
\Mathstrutbox@=\box41
\strutbox@=\box42
\big@size=\dimen125
LaTeX Font Info:    Redeclaring font encoding OML on input line 634.
LaTeX Font Info:    Redeclaring font encoding OMS on input line 635.
\macc@depth=\count97
\c@MaxMatrixCols=\count98
\dotsspace@=\muskip10
\c@parentequation=\count99
\dspbrk@lvl=\count100
\tag@help=\toks17
\row@=\count101
\column@=\count102
\maxfields@=\count103
\andhelp@=\toks18
\eqnshift@=\dimen126
\alignsep@=\dimen127
\tagshift@=\dimen128
\tagwidth@=\dimen129
\totwidth@=\dimen130
\lineht@=\dimen131
\@envbody=\toks19
\multlinegap=\skip44
\multlinetaggap=\skip45
\mathdisplay@stack=\toks20
LaTeX Info: Redefining \[ on input line 2739.
LaTeX Info: Redefining \] on input line 2740.
)
(c:/usr/local/share/texmf-dist/tex/latex/amsfonts/amssymb.sty
Package: amssymb 2013/01/14 v3.01 AMS font symbols

(c:/usr/local/share/texmf-dist/tex/latex/amsfonts/amsfonts.sty
Package: amsfonts 2013/01/14 v3.01 Basic AMSFonts support
\symAMSa=\mathgroup7
\symAMSb=\mathgroup8
LaTeX Font Info:    Overwriting math alphabet `\mathfrak' in version `bold'
(Font)                  U/euf/m/n --> U/euf/b/n on input line 106.
))
(c:/usr/local/share/texmf-dist/tex/latex/tools/array.sty
Package: array 2014/10/28 v2.4c Tabular extension package (FMi)
\col@sep=\dimen132
\extrarowheight=\dimen133
\NC@list=\toks21
\extratabsurround=\skip46
\backup@length=\skip47
)
(c:/usr/local/share/texmf-dist/tex/latex/tools/longtable.sty
Package: longtable 2014/10/28 v4.11 Multi-page Table package (DPC)
\LTleft=\skip48
\LTright=\skip49
\LTpre=\skip50
\LTpost=\skip51
\LTchunksize=\count104
\LTcapwidth=\dimen134
\LT@head=\box43
\LT@firsthead=\box44
\LT@foot=\box45
\LT@lastfoot=\box46
\LT@cols=\count105
\LT@rows=\count106
\c@LT@tables=\count107
\c@LT@chunks=\count108
\LT@p@ftn=\toks22
)
(c:/usr/local/share/texmf-dist/tex/latex/fancyvrb/fancyvrb.sty
Package: fancyvrb 2008/02/07

Style option: `fancyvrb' v2.7a, with DG/SPQR fixes, and firstline=lastline fix 
<2008/02/07> (tvz)
\FV@CodeLineNo=\count109
\FV@InFile=\read1
\FV@TabBox=\box47
\c@FancyVerbLine=\count110
\FV@StepNumber=\count111
\FV@OutFile=\write3
)
(c:/usr/local/share/texmf-dist/tex/latex/hyperref/hyperref.sty
Package: hyperref 2012/11/06 v6.83m Hypertext links for LaTeX

(c:/usr/local/share/texmf-dist/tex/generic/oberdiek/hobsub-hyperref.sty
Package: hobsub-hyperref 2012/05/28 v1.13 Bundle oberdiek, subset hyperref (HO)


(c:/usr/local/share/texmf-dist/tex/generic/oberdiek/hobsub-generic.sty
Package: hobsub-generic 2012/05/28 v1.13 Bundle oberdiek, subset generic (HO)
Package: hobsub 2012/05/28 v1.13 Construct package bundles (HO)
Package hobsub Info: Skipping package `infwarerr' (already loaded).
Package hobsub Info: Skipping package `ltxcmds' (already loaded).
Package: ifluatex 2010/03/01 v1.3 Provides the ifluatex switch (HO)
Package ifluatex Info: LuaTeX not detected.
Package: ifvtex 2010/03/01 v1.5 Detect VTeX and its facilities (HO)
Package ifvtex Info: VTeX not detected.
Package: intcalc 2007/09/27 v1.1 Expandable calculations with integers (HO)
Package hobsub Info: Skipping package `ifpdf' (already loaded).
Package: etexcmds 2011/02/16 v1.5 Avoid name clashes with e-TeX commands (HO)
Package etexcmds Info: Could not find \expanded.
(etexcmds)             That can mean that you are not using pdfTeX 1.50 or
(etexcmds)             that some package has redefined \expanded.
(etexcmds)             In the latter case, load this package earlier.
Package: kvsetkeys 2012/04/25 v1.16 Key value parser (HO)
Package: kvdefinekeys 2011/04/07 v1.3 Define keys (HO)
Package: pdftexcmds 2011/11/29 v0.20 Utility functions of pdfTeX for LuaTeX (HO
)
Package pdftexcmds Info: LuaTeX not detected.
Package pdftexcmds Info: pdfTeX >= 1.30 not detected.
Package pdftexcmds Info: \pdf@primitive is available.
Package pdftexcmds Info: \pdf@ifprimitive is available.
Package pdftexcmds Info: \pdfdraftmode not found.
Package: pdfescape 2011/11/25 v1.13 Implements pdfTeX's escape features (HO)
Package: bigintcalc 2012/04/08 v1.3 Expandable calculations on big integers (HO
)
Package: bitset 2011/01/30 v1.1 Handle bit-vector datatype (HO)
Package: uniquecounter 2011/01/30 v1.2 Provide unlimited unique counter (HO)
)
Package hobsub Info: Skipping package `hobsub' (already loaded).
Package: letltxmacro 2010/09/02 v1.4 Let assignment for LaTeX macros (HO)
Package: hopatch 2012/05/28 v1.2 Wrapper for package hooks (HO)
Package: xcolor-patch 2011/01/30 xcolor patch
Package: atveryend 2011/06/30 v1.8 Hooks at the very end of document (HO)
Package atveryend Info: \enddocument detected (standard20110627).
Package hobsub Info: Skipping package `atbegshi' (already loaded).
Package: refcount 2011/10/16 v3.4 Data extraction from label references (HO)
Package: hycolor 2011/01/30 v1.7 Color options for hyperref/bookmark (HO)
)
(c:/usr/local/share/texmf-dist/tex/generic/ifxetex/ifxetex.sty
Package: ifxetex 2010/09/12 v0.6 Provides ifxetex conditional
)
(c:/usr/local/share/texmf-dist/tex/latex/oberdiek/auxhook.sty
Package: auxhook 2011/03/04 v1.3 Hooks for auxiliary files (HO)
)
(c:/usr/local/share/texmf-dist/tex/latex/oberdiek/kvoptions.sty
Package: kvoptions 2011/06/30 v3.11 Key value format for package options (HO)
)
\@linkdim=\dimen135
\Hy@linkcounter=\count112
\Hy@pagecounter=\count113

(c:/usr/local/share/texmf-dist/tex/latex/hyperref/pd1enc.def
File: pd1enc.def 2012/11/06 v6.83m Hyperref: PDFDocEncoding definition (HO)
)
\Hy@SavedSpaceFactor=\count114

(c:/usr/local/share/texmf-dist/tex/latex/config/hyperref.cfg
File: hyperref.cfg 2002/06/06 v1.2 hyperref configuration of TeXLive
)
Package hyperref Info: Option `bookmarks' set `true' on input line 4319.
Package hyperref Info: Option `bookmarksnumbered' set `true' on input line 4319
.
Package hyperref Info: Hyper figures OFF on input line 4443.
Package hyperref Info: Link nesting OFF on input line 4448.
Package hyperref Info: Hyper index ON on input line 4451.
Package hyperref Info: Plain pages OFF on input line 4458.
Package hyperref Info: Backreferencing OFF on input line 4463.
Package hyperref Info: Implicit mode ON; LaTeX internals redefined.
Package hyperref Info: Bookmarks ON on input line 4688.
\c@Hy@tempcnt=\count115

(c:/usr/local/share/texmf-dist/tex/latex/url/url.sty
\Urlmuskip=\muskip11
Package: url 2013/09/16  ver 3.4  Verb mode for urls, etc.
)
LaTeX Info: Redefining \url on input line 5041.
\XeTeXLinkMargin=\dimen136
\Fld@menulength=\count116
\Field@Width=\dimen137
\Fld@charsize=\dimen138
Package hyperref Info: Hyper figures OFF on input line 6295.
Package hyperref Info: Link nesting OFF on input line 6300.
Package hyperref Info: Hyper index ON on input line 6303.
Package hyperref Info: backreferencing OFF on input line 6310.
Package hyperref Info: Link coloring OFF on input line 6315.
Package hyperref Info: Link coloring with OCG OFF on input line 6320.
Package hyperref Info: PDF/A mode OFF on input line 6325.
LaTeX Info: Redefining \ref on input line 6365.
LaTeX Info: Redefining \pageref on input line 6369.
\Hy@abspage=\count117
\c@Item=\count118
\c@Hfootnote=\count119
)

Package hyperref Message: Driver: hdvipdfm.

(c:/usr/local/share/texmf-dist/tex/latex/hyperref/hdvipdfm.def
File: hdvipdfm.def 2012/11/06 v6.83m Hyperref driver for dvipdfm
\pdfm@box=\box48
\c@Hy@AnnotLevel=\count120
\HyField@AnnotCount=\count121
\Fld@listcount=\count122
\c@bookmark@seq@number=\count123

(c:/usr/local/share/texmf-dist/tex/latex/oberdiek/rerunfilecheck.sty
Package: rerunfilecheck 2011/04/15 v1.7 Rerun checks for auxiliary files (HO)
Package uniquecounter Info: New unique counter `rerunfilecheck' on input line 2
82.
)
\Hy@SectionHShift=\skip52
)
\listout=\write4
\lll=\write5
\c@Example=\count124
\c@Problem=\count125
\c@PreLearn=\count126

(./Macro/mkindex.tex)
\c@svglist=\count127
 (./Macro/Browser.tex)
\c@fileNo=\count128
\ttttt=\read2
\c@CREF=\count129
)
\@indexfile=\write6
\openout6 = `00svg-all.idx'.


Writing index file 00svg-all.idx
(./00svg-all.aux)
\openout1 = `00svg-all.aux'.

LaTeX Font Info:    Checking defaults for OML/cmm/m/it on input line 15.
LaTeX Font Info:    ... okay on input line 15.
LaTeX Font Info:    Checking defaults for T1/cmr/m/n on input line 15.
LaTeX Font Info:    ... okay on input line 15.
LaTeX Font Info:    Checking defaults for OT1/cmr/m/n on input line 15.
LaTeX Font Info:    ... okay on input line 15.
LaTeX Font Info:    Checking defaults for OMS/cmsy/m/n on input line 15.
LaTeX Font Info:    ... okay on input line 15.
LaTeX Font Info:    Checking defaults for OMX/cmex/m/n on input line 15.
LaTeX Font Info:    ... okay on input line 15.
LaTeX Font Info:    Checking defaults for U/cmr/m/n on input line 15.
LaTeX Font Info:    ... okay on input line 15.
LaTeX Font Info:    Checking defaults for JY1/mc/m/n on input line 15.
LaTeX Font Info:    ... okay on input line 15.
LaTeX Font Info:    Checking defaults for JT1/mc/m/n on input line 15.
LaTeX Font Info:    ... okay on input line 15.
LaTeX Font Info:    Checking defaults for PD1/pdf/m/n on input line 15.
LaTeX Font Info:    ... okay on input line 15.
 (I search kanjifont definition file: . . )
(I search font definition file: . . . . . . . . )
LaTeX Font Info:    Try loading font information for OT1+ptm on input line 15.

(c:/usr/local/share/texmf-dist/tex/latex/psnfss/ot1ptm.fd
File: ot1ptm.fd 2001/06/04 font definitions for OT1/ptm.
)
\AtBeginShipoutBox=\box49
Package hyperref Info: Link coloring OFF on input line 15.

(c:/usr/local/share/texmf-dist/tex/latex/hyperref/nameref.sty
Package: nameref 2012/10/27 v2.43 Cross-referencing by name of section

(c:/usr/local/share/texmf-dist/tex/generic/oberdiek/gettitlestring.sty
Package: gettitlestring 2010/12/03 v1.4 Cleanup title references (HO)
)
\c@section@level=\count130
)
LaTeX Info: Redefining \ref on input line 15.
LaTeX Info: Redefining \pageref on input line 15.
LaTeX Info: Redefining \nameref on input line 15.

(./00svg-all.out) (./00svg-all.out)
\@outlinefile=\write7
\openout7 = `00svg-all.out'.

File: ./ps/fraserspiral.eps Graphic file (type eps)
 <./ps/fraserspiral.eps>
LaTeX Font Info:    Try loading font information for OT1+ztmcm on input line 18
.

(c:/usr/local/share/texmf-dist/tex/latex/psnfss/ot1ztmcm.fd
File: ot1ztmcm.fd 2000/01/03 Fontinst v1.801 font definitions for OT1/ztmcm.
)
LaTeX Font Info:    Try loading font information for OML+ztmcm on input line 18
.

(c:/usr/local/share/texmf-dist/tex/latex/psnfss/omlztmcm.fd
File: omlztmcm.fd 2000/01/03 Fontinst v1.801 font definitions for OML/ztmcm.
)
LaTeX Font Info:    Try loading font information for OMS+ztmcm on input line 18
.

(c:/usr/local/share/texmf-dist/tex/latex/psnfss/omsztmcm.fd
File: omsztmcm.fd 2000/01/03 Fontinst v1.801 font definitions for OMS/ztmcm.
)
LaTeX Font Info:    Try loading font information for OMX+ztmcm on input line 18
.

(c:/usr/local/share/texmf-dist/tex/latex/psnfss/omxztmcm.fd
File: omxztmcm.fd 2000/01/03 Fontinst v1.801 font definitions for OMX/ztmcm.
)
LaTeX Font Info:    Font shape `OT1/ptm/bx/n' in size <14.4> not available
(Font)              Font shape `OT1/ptm/b/n' tried instead on input line 18.
LaTeX Font Info:    Font shape `OT1/ptm/bx/n' in size <10.95> not available
(Font)              Font shape `OT1/ptm/b/n' tried instead on input line 18.
LaTeX Font Info:    Font shape `OT1/ptm/bx/n' in size <8> not available
(Font)              Font shape `OT1/ptm/b/n' tried instead on input line 18.
 [1

\openout4 = `00svg-all000.tex'.

\openout5 = `00svg-all.lll'.



]
(./TOP/copyright.tex
LaTeX Font Info:    Try loading font information for OMS+ptm on input line 9.
 (c:/usr/local/share/texmf-dist/tex/latex/psnfss/omsptm.fd
File: omsptm.fd 
)
LaTeX Font Info:    Font shape `OMS/ptm/m/n' in size <10> not available
(Font)              Font shape `OMS/cmsy/m/n' tried instead on input line 9.
LaTeX Font Info:    Font shape `OT1/ptm/bx/n' in size <10> not available
(Font)              Font shape `OT1/ptm/b/n' tried instead on input line 9.
LaTeX Font Info:    Font shape `OT1/ptm/bx/n' in size <7.4> not available
(Font)              Font shape `OT1/ptm/b/n' tried instead on input line 9.
LaTeX Font Info:    Font shape `OT1/ptm/bx/n' in size <6> not available
(Font)              Font shape `OT1/ptm/b/n' tried instead on input line 9.
[2


])
LaTeX Font Info:    Font shape `JT1/mc/bx/n' in size <20.74> not available
(Font)              Font shape `JT1/gt/m/n' tried instead on input line 21.
LaTeX Font Info:    Font shape `JY1/mc/bx/n' in size <20.74> not available
(Font)              Font shape `JY1/gt/m/n' tried instead on input line 21.
LaTeX Font Info:    Font shape `OT1/ptm/bx/n' in size <20.74> not available
(Font)              Font shape `OT1/ptm/b/n' tried instead on input line 21.
 (./00svg-all.toc
LaTeX Font Info:    Font shape `JT1/mc/bx/n' in size <10> not available
(Font)              Font shape `JT1/gt/m/n' tried instead on input line 1.
LaTeX Font Info:    Font shape `JY1/mc/bx/n' in size <10> not available
(Font)              Font shape `JY1/gt/m/n' tried instead on input line 1.
 [3


] [4] [5])
\tf@toc=\write8
\openout8 = `00svg-all.toc'.

 [6]
\answer=\write9
 (./CH1/01whatissvg.tex
第 1 章
LaTeX Font Info:    Font shape `JT1/mc/bx/n' in size <14.4> not available
(Font)              Font shape `JT1/gt/m/n' tried instead on input line 3.
LaTeX Font Info:    Font shape `JY1/mc/bx/n' in size <14.4> not available
(Font)              Font shape `JY1/gt/m/n' tried instead on input line 3.
(./CH1//0101svg.tex
LaTeX Font Info:    Font shape `OT1/ptm/bx/n' in size <5> not available
(Font)              Font shape `OT1/ptm/b/n' tried instead on input line 4.
File: ./CH1/w3c-webdesign.eps Graphic file (type eps)
 <./CH1/w3c-webdesign.eps> [1

\openout9 = `00svg-all-answer.tex'.


]
File: ./CH1/w3c-graphics.eps Graphic file (type eps)
 <./CH1/w3c-graphics.eps>
File: ./CH1/w3c-svg-recommendation.eps Graphic file (type eps)

<./CH1/w3c-svg-recommendation.eps>

LaTeX Font Warning: Font shape `JT1/mc/m/it' undefined
(Font)              using `JT1/mc/m/n' instead on input line 69.


LaTeX Font Warning: Font shape `JY1/mc/m/it' undefined
(Font)              using `JY1/mc/m/n' instead on input line 69.

) (./CH1//0110xml.tex [2] [3]) (./CH1//0120howtoseeSVG.tex [4])
(./CH1//0130html5.tex
LaTeX Font Info:    Font shape `JT1/mc/bx/n' in size <12> not available
(Font)              Font shape `JT1/gt/m/n' tried instead on input line 4.
LaTeX Font Info:    Font shape `JY1/mc/bx/n' in size <12> not available
(Font)              Font shape `JY1/gt/m/n' tried instead on input line 4.
LaTeX Font Info:    Font shape `OT1/ptm/bx/n' in size <12> not available
(Font)              Font shape `OT1/ptm/b/n' tried instead on input line 4.
 [5])) [6] (./CH2/02fundamentalfigs.tex
第 2 章
[7


]
LaTeX Font Info:    Font shape `OT1/cmtt/bx/n' in size <12> not available
(Font)              Font shape `OT1/cmtt/m/n' tried instead on input line 53.

CH2-first-svg
(./CH2/first.svg.tex)
Package hyperref Info: bookmark level for unknown list defaults to 0 on input l
ine 53.
File: ./CH2/first-error.eps Graphic file (type eps)
 <./CH2/first-error.eps> [8]
File: ./CH2/validator.eps Graphic file (type eps)
 <./CH2/validator.eps>
File: ./CH2/nu-checker.eps Graphic file (type eps)

<./CH2/nu-checker.eps> [9]
File: ./CH2/file-upload.eps Graphic file (type eps)
 <./CH2/file-upload.eps>
File: ./CH2/result.eps Graphic file (type eps)
 <./CH2/result.eps>
(./CH2/0201svgfirst.tex [10] [11]
File: ./CH2/linecap.eps Graphic file (type eps)
 <./CH2/linecap.eps> [12]
CH2-linecap-svg
(./CH2/linecap.svg.tex) [13]
File: ./CH2/fick1.eps Graphic file (type eps)
 <./CH2/fick1.eps>

LaTeX Warning: `h' float specifier changed to `ht'.

[14]
CH2-fick1-svg
(./CH2/fick1.svg.tex)
File: ./CH2/muller-lyer.eps Graphic file (type eps)
 <./CH2/muller-lyer.eps>
LaTeX Font Info:    Font shape `OT1/ptm/bx/n' in size <9> not available
(Font)              Font shape `OT1/ptm/b/n' tried instead on input line 216.
LaTeX Font Info:    Font shape `OT1/ptm/bx/n' in size <7> not available
(Font)              Font shape `OT1/ptm/b/n' tried instead on input line 216.
 [15] [16]
CH2-muller-lyer-svg
(./CH2/muller-lyer.svg.tex)
Overfull \hbox (30.96944pt too wide) in paragraph at lines 244--249
[]\JY1/mc/m/it/10 右の矢印は全体を横の直線の左端に平行移動させ \OT1/ptm/m/n/10 
([]22 \JY1/mc/m/it/10 行目の \OT1/cmtt/m/n/10 transform="translate(200,0)"\OT1/
ptm/m/n/10 )\JY1/mc/m/it/10 、
 []

[17]
File: ./CH2/poggendorff.eps Graphic file (type eps)
 <./CH2/poggendorff.eps> [18]
CH2-poggendorff-svg
(./CH2/poggendorff.svg.tex) [19]
File: ./CH2/colorenv.eps Graphic file (type eps)
 <./CH2/colorenv.eps>
CH2-colorinenv-svg
(./CH2/colorinenv.svg.tex)
File: ./CH2/color-contrast.eps Graphic file (type eps)
 <./CH2/color-contrast.eps>
File: ./CH2/hermann-line.eps Graphic file (type eps)
 <./CH2/hermann-line.eps>
[20] [21]
CH2-svg-hermann-line-svg
(./CH2/svg-hermann-line.svg.tex)
File: ./CH2/munsterberg.eps Graphic file (type eps)
 <./CH2/munsterberg.eps>) (./CH2/0202circle.tex
File: ./CH2/ellipse.eps Graphic file (type eps)
<./CH2/ellipse.eps> [22] [23]
CH2-svg-ellipse-svg
(./CH2/svg-ellipse.svg.tex) [24]
File: ./CH2/delboef.eps Graphic file (type eps)
 <./CH2/delboef.eps>) (./CH2/0230gradiation.tex
File: ./CH2/svg-gradient.eps Graphic file (type eps)
<./CH2/svg-gradient.eps> [25]
CH2-svg-gradient1-svg
(./CH2/svg-gradient1.svg.tex)
Overfull \hbox (4.48598pt too wide) in paragraph at lines 38--43
[][]\OT1/ptm/m/n/10 8 \JY1/mc/m/it/10 行目と[]\OT1/ptm/m/n/10 9 \JY1/mc/m/it/10
 行目にグラデ ーシ ョ ンの特定の位置に対する場所 \OT1/ptm/m/n/10 (\OT1/cmtt/m/n
/10 offset[][]\OT1/ptm/m/n/10 ) \JY1/mc/m/it/10 とそこでの色 \OT1/ptm/m/n/10 (\
OT1/cmtt/m/n/10 stop-color[][]\OT1/ptm/m/n/10 )
 []

[26]
File: ./CH2/gradient-mach.eps Graphic file (type eps)
 <./CH2/gradient-mach.eps>
File: ./CH2/zavagno.eps Graphic file (type eps)
 <./CH2/zavagno.eps>
File: ./CH2/svg-gradient2.eps Graphic file (type eps)
 <./CH2/svg-gradient2.eps>
[27]
CH2-svg-gradient2-svg
(./CH2/svg-gradient2.svg.tex) [28]
File: ./CH2/Koffka.eps Graphic file (type eps)
 <./CH2/Koffka.eps>
File: ./CH2/diamond-grad.eps Graphic file (type eps)
 <./CH2/diamond-grad.eps>
LaTeX Font Info:    Font shape `OT1/cmtt/bx/n' in size <10> not available
(Font)              Font shape `OT1/cmtt/m/n' tried instead on input line 115.
File: ./CH2/svg-gradient3.eps Graphic file (type eps)

<./CH2/svg-gradient3.eps>
Overfull \hbox (0.61333pt too wide) in paragraph at lines 115--124
 []\OT1/cmtt/m/n/10 gradientUnits[][] \JY1/gt/m/n/10 の値の違い[] \OT1/cmtt/m/n
/10 gradientUnits[][] \JY1/mc/m/it/10 の値として \OT1/cmtt/m/n/10 objectBoundin
gBox[][] \JY1/mc/m/it/10 と \OT1/cmtt/m/n/10 userSpaceOnUse[][]
 []

[29] [30]
CH2-svg-gradient-bb-vs-us-svg
(./CH2/svg-gradient-bb-vs-us.svg.tex) [31] [32]
File: ./CH2/radialgradiation2.eps Graphic file (type eps)
 <./CH2/radialgradiation2.eps>
File: ./CH2/radialgradiation3.eps Graphic file (type eps)

<./CH2/radialgradiation3.eps> [33]
CH2-svg-raidalgradiation2-svg
(./CH2/svg-raidalgradiation2.svg.tex) [34]
CH2-svg-raidalgradiation3-svg
(./CH2/svg-raidalgradiation3.svg.tex)
File: ./CH2/craik-obraien.eps Graphic file (type eps)
 <./CH2/craik-obraien.eps>)
(./CH2/0240opacity.tex
File: ./CH2/opacity.eps Graphic file (type eps)
 <./CH2/opacity.eps> [35] [36]
CH2-svg-opacity2-svg
(./CH2/svg-opacity2.svg.tex)
Overfull \hbox (17.19777pt too wide) detected at line 62
[]\JY1/mc/m/it/10 が定義された図形の色 \OMS/ztmcm/m/n/10 ^^B \JY1/mc/m/it/10 こ
の図形の色 \OT1/ztmcm/m/n/10 + (1 \OMS/ztmcm/m/n/10 ^^@ \JY1/mc/m/it/10 この図
形の []\OT1/ztmcm/m/n/10 ) \OMS/ztmcm/m/n/10 ^^B \JY1/mc/m/it/10 この図形の下に
ある色
 []

[37]
File: ./CH2/pyramid.eps Graphic file (type eps)
 <./CH2/pyramid.eps>)) [38] (./CH3/03object.tex
第 3 章
(./CH3/0310polyline.tex
File: ./CH3/polygon5.eps Graphic file (type eps)
 <./CH3/polygon5.eps> [39


]
CH3-svg-polygon5-svg
(./CH3/svg-polygon5.svg.tex)
File: ./CH3/objects-gradiation.eps Graphic file (type eps)
 <./CH3/objects-gradiation.eps> [40]
File: ./CH3/linejoin-more.eps Graphic file (type eps)

<./CH3/linejoin-more.eps> [41]
CH3-svg-linejoin-svg
(./CH3/svg-linejoin.svg.tex)
File: ./CH3/shepard.eps Graphic file (type eps)
 <./CH3/shepard.eps>
File: ./CH3/bourdon.eps Graphic file (type eps)
 <./CH3/bourdon.eps> [42])
(./CH3/0340path.tex
File: ./CH3/vint.eps Graphic file (type eps)
 <./CH3/vint.eps> [43] [44]
CH3-svg-vint-svg
(./CH3/svg-vint.svg.tex) [45]
File: ./CH3/draw-arc.eps Graphic file (type eps)
 <./CH3/draw-arc.eps> [46] [47]
CH3-svg-arc-svg
(./CH3/svg-arc.svg.tex)
File: ./CH3/kanizsa.eps Graphic file (type eps)
 <./CH3/kanizsa.eps> [48]
CH3-svg-kanisza-svg
(./CH3/svg-kanisza.svg.tex) [49]
File: ./CH3/neon.eps Graphic file (type eps)
 <./CH3/neon.eps> [50]
File: CH3/bezier3.eps Graphic file (type eps)
 <CH3/bezier3.eps>
[51]
CH3-svg-bezier-svg
(./CH3/svg-bezier.svg.tex)
Overfull \hbox (25.9818pt too wide) in paragraph at lines 296--303
[]\OT1/ptm/m/n/10 B[]ezier \JY1/mc/m/it/10 曲線は\OT1/cmtt/m/n/10 <path> \JY1/m
c/m/it/10 要素[][]の \OT1/cmtt/m/n/10 d[][] \JY1/mc/m/it/10 のなかで定義します 
\OT1/ptm/m/n/10 ([]8 \JY1/mc/m/it/10 行目\OT1/ptm/m/n/10 )\JY1/mc/m/it/10 。 \O
T1/ptm/m/n/10 4 \JY1/mc/m/it/10 点は $\OT1/ztmcm/m/n/10 P[](0\OML/ztmcm/m/it/10
 ; \OT1/ztmcm/m/n/10 0)\OML/ztmcm/m/it/10 ;$ $\OT1/ztmcm/m/n/10 P[](280\OML/ztm
cm/m/it/10 ; \OT1/ztmcm/m/n/10 0)\OML/ztmcm/m/it/10 ;$ $\OT1/ztmcm/m/n/10 P[](1
60\OML/ztmcm/m/it/10 ; \OMS/ztmcm/m/n/10 ^^@\OT1/ztmcm/m/n/10 320)\OML/ztmcm/m/
it/10 ;$
 []

[52]
File: ./CH3/suits.eps Graphic file (type eps)
 <./CH3/suits.eps> [53]
File: ./CH3/bezier-comp.eps Graphic file (type eps)
 <./CH3/bezier-comp.eps> [54]
File: ./CH3/svg-bezier-circle4.eps Graphic file (type eps)

<./CH3/svg-bezier-circle4.eps> [55]
CH3-svg-bezier-circle4-svg
(./CH3/svg-bezier-circle4.svg.tex)) (./CH3/0345transform-detail.tex
LaTeX Font Info:    Font shape `OT1/cmtt/bx/n' in size <14.4> not available
(Font)              Font shape `OT1/cmtt/m/n' tried instead on input line 2.
 [56]
File: ./CH3/rotate-full.eps Graphic file (type eps)

<./CH3/rotate-full.eps> [57]
CH3-svg-rotate-full-svg
(./CH3/svg-rotate-full.svg.tex)
File: ./CH3/skew.eps Graphic file (type eps)
 <./CH3/skew.eps> [58]
CH3-svg-skew-svg
(./CH3/svg-skew.svg.tex) [59] [60]) (./CH3/0350pattern.tex
CH3-svg-hermann-svg
(./CH3/svg-hermann.svg.tex) [61]
File: ./CH3/savigny.eps Graphic file (type eps)
 <./CH3/savigny.eps>
File: ./CH3/pattern.eps Graphic file (type eps)
 <./CH3/pattern.eps>
[62]
CH3-patterndef1-svg
(./CH3/patterndef1.svg.tex) [63]
File: ./CH3/hermann-twinkle.eps Graphic file (type eps)
 <./CH3/hermann-twinkle.eps>
File: ./CH3/morgan-twist.eps Graphic file (type eps)

<./CH3/morgan-twist.eps>
File: ./CH3/oouchi.eps Graphic file (type eps)
 <./CH3/oouchi.eps> [64] [65]
CH3-svg-oouchi-rev-svg
(./CH3/svg-oouchi-rev.svg.tex)
File: ./CH3/pattern-rotate.eps Graphic file (type eps)
 <./CH3/pattern-rotate.eps>) (./CH3/0360image.tex [66]
File: ./CH3/svg-image.eps Graphic file (type eps)
 <./CH3/svg-image.eps>
CH3-svg-image-svg
(./CH3/svg-image.svg.tex) [67]
File: ./CH3/cyclamen-pattern.eps Graphic file (type eps)
 <./CH3/cyclamen-pattern.eps>
CH3-svg-image-pattern-svg
(./CH3/svg-image-pattern.svg.tex) [68]) (./CH3/0370mask.tex
File: ./CH3/svg-image-mask.eps Graphic file (type eps)

<./CH3/svg-image-mask.eps> [69]
CH3-svg-image-pattern-mask-svg
(./CH3/svg-image-pattern-mask.svg.tex)
File: ./CH3/image-mask-gradiation.eps Graphic file (type eps)
 <./CH3/image-mask-gradiation.eps>
File: ./CH3/image-pattern-mask2.eps Graphic file (type eps)

<./CH3/image-pattern-mask2.eps> [70]
File: ./CH3/image-mixed.eps Graphic file (type eps)
 <./CH3/image-mixed.eps> [71]
File: ./CH3/image-mixed1.eps Graphic file (type eps)

<./CH3/image-mixed1.eps>
File: ./CH3/image-mixed2.eps Graphic file (type eps)
 <./CH3/image-mixed2.eps>)) [72] (./CH4/04animation.tex
第 4 章
(./CH4/0410whatisanimation.tex
Overfull \hbox (1.84938pt too wide) in paragraph at lines 45--45
[] []
 []

) (./CH4/0420transforms.tex [73


]
File: ./CH4/animation-transform-begin.eps Graphic file (type eps)
 <./CH4/animation-transform-begin.eps>
File: ./CH4/animation-transform-end.eps Graphic file (type eps)

<./CH4/animation-transform-end.eps>
CH4-svg-animation-transform-svg
(./CH4/svg-animation-transform.svg.tex) [74]
File: ./CH4/animation-rotateS.eps Graphic file (type eps)
 <./CH4/animation-rotateS.eps>
File: ./CH4/animation-rotateE.eps Graphic file (type eps)

<./CH4/animation-rotateE.eps> [75]
CH4-svg-animation-rotate-svg
(./CH4/svg-animation-rotate.svg.tex)
File: ./CH4/judd.eps Graphic file (type eps)
 <./CH4/judd.eps>
File: ./CH4/svg-moveandsizechange1.eps Graphic file (type eps)

<./CH4/svg-moveandsizechange1.eps>
File: ./CH4/svg-moveandsizechange2.eps Graphic file (type eps)
 <./CH4/svg-moveandsizechange2.eps> [76]
CH4-svg-moveandsizechange-svg
(./CH4/svg-moveandsizechange.svg.tex)) (./CH4/0440animatemotion.tex
File: ./CH4/motion-along-path.eps Graphic file (type eps)

<./CH4/motion-along-path.eps> [77]
CH4-svg-motion-along-path-svg
(./CH4/svg-motion-along-path.svg.tex) [78]) (./CH4/0450animationattribute.tex
File: ./CH4/animation-color-begin.eps Graphic file (type eps)

<./CH4/animation-color-begin.eps>
File: ./CH4/animation-color-2.eps Graphic file (type eps)
 <./CH4/animation-color-2.eps>
File: ./CH4/animation-color-end.eps Graphic file (type eps)

<./CH4/animation-color-end.eps> [79]
CH4-svg-animation-color-svg
(./CH4/svg-animation-color.svg.tex)
CH4-svg-animation-w-rect-svg
(./CH4/svg-animation-w-rect.svg.tex)
File: ./CH4/bezier-circle4-square-start.eps Graphic file (type eps)
 <./CH4/bezier-circle4-square-start.eps>
File: ./CH4/bezier-circle4-square-2.eps Graphic file (type eps)

<./CH4/bezier-circle4-square-2.eps>
File: ./CH4/bezier-circle4-square-end.eps Graphic file (type eps)
 <./CH4/bezier-circle4-square-end.eps>
[80]
CH4-svg-bezier-circle4-square-svg
(./CH4/svg-bezier-circle4-square.svg.tex) [81]
File: ./CH4/anim-gradiation-1.eps Graphic file (type eps)
 <./CH4/anim-gradiation-1.eps>
File: ./CH4/anim-gradiation-2.eps Graphic file (type eps)

<./CH4/anim-gradiation-2.eps>
CH4-svg-mask-svg
(./CH4/svg-mask.svg.tex)
Overfull \hbox (2.87161pt too wide) in paragraph at lines 102--105
[]\JY1/mc/m/it/10 線形グラデ ーシ ョ ンの開始位置を変化させるので \OT1/cmtt/m/n
/10 gradientUnits[][] \JY1/mc/m/it/10 の値を \OT1/cmtt/m/n/10 userSpaceOnUse[][
]
 []

[82]
CH4-svg-animation-visibility-svg
(./CH4/svg-animation-visibility.svg.tex)) (./CH4/0460animatevalues.tex [83]
CH4-svg-animation-transform-values-svg
(./CH4/svg-animation-transform-values.svg.tex)
File: ./CH4/svg-stopwatch.eps Graphic file (type eps)
 <./CH4/svg-stopwatch.eps>
[84]
CH4-svg-stopwatch-svg
(./CH4/svg-stopwatch.svg.tex) [85]
File: ./CH4/signal-blue.eps Graphic file (type eps)
 <./CH4/signal-blue.eps>
File: ./CH4/signal-yellow.eps Graphic file (type eps)

<./CH4/signal-yellow.eps>
File: ./CH4/signal-red.eps Graphic file (type eps)
 <./CH4/signal-red.eps> [86]
CH4-svg-signal-svg
(./CH4/svg-signal.svg.tex)) (./CH4/0480animation-example.tex [87]
File: ./CH4/moving-square.eps Graphic file (type eps)

<./CH4/moving-square.eps>
File: ./CH4/racing-square-1.eps Graphic file (type eps)
 <./CH4/racing-square-1.eps> [88]
File: ./CH4/racing-square-2.eps Graphic file (type eps)

<./CH4/racing-square-2.eps>
File: ./CH4/racing-square-3.eps Graphic file (type eps)
 <./CH4/racing-square-3.eps> [89]
CH4-svg-racing-recs-svg
(./CH4/svg-racing-recs.svg.tex))) [90] (./CH5/05showingtext.tex
第 5 章
File: ./CH5/svg-showtext.eps Graphic file (type eps)
<./CH5/svg-showtext.eps> [91


]
CH5-svg-showtext-svg
(./CH5/svg-showtext.svg.tex)
File: ./CH5/svg-text-with-tspan.eps Graphic file (type eps)
 <./CH5/svg-text-with-tspan.eps> [92] [93]
CH5-svg-text-with-tspan-svg
(./CH5/svg-text-with-tspan.svg.tex)
File: ./CH5/show-text-gradiation-prep.eps Graphic file (type eps)
 <./CH5/show-text-gradiation-prep.eps>
[94]
CH5-svg-show-text-gradiation-prep-svg
(./CH5/svg-show-text-gradiation-prep.svg.tex)
File: ./CH5/svg-text-along-path.eps Graphic file (type eps)
 <./CH5/svg-text-along-path.eps>
[95] [96]
CH5-svg-text-along-path-svg
(./CH5/svg-text-along-path.svg.tex)
File: ./CH5/svg-moving-text-along-path.eps Graphic file (type eps)
 <./CH5/svg-moving-text-along-path.eps>
[97] [98]
CH5-svg-moving-text-along-circle-rev-svg
(./CH5/svg-moving-text-along-circle-rev.svg.tex)
Overfull \hbox (0.42189pt too wide) in paragraph at lines 215--217
[][]\OT1/ptm/m/n/10 18 \JY1/mc/m/it/10 行目では[]\OT1/ptm/m/n/10 7 \JY1/mc/m/it
/10 行目から始まる円周に沿 っ て文字を表示するように指定しています \OT1/ptm/m/n
/10 (\OT1/cmtt/m/n/10 xlink:href[]\OT1/ptm/m/n/10 )\JY1/mc/m/it/10 。 
 []

[99]) [100] (./CH6/06filter.tex
第 6 章
File: ./CH6/svg-filterGauss.eps Graphic file (type eps)
<./CH6/svg-filterGauss.eps> [101


]
CH6-svg-filterGauss-svg
(./CH6/svg-filterGauss.svg.tex) [102]
File: ./CH6/bergen0.eps Graphic file (type eps)
 <./CH6/bergen0.eps> [103]
CH6-svg-bergen0-svg
(./CH6/svg-bergen0.svg.tex)
File: ./CH6/svg-addshadow.eps Graphic file (type eps)
 <./CH6/svg-addshadow.eps> [104]
CH6-svg-addshadow-svg
(./CH6/svg-addshadow.svg.tex) [105]
File: ./CH6/svg-colorchart.eps Graphic file (type eps)
 <./CH6/svg-colorchart.eps> [106] [107]
CH6-svg-colorchart-svg
(./CH6/svg-colorchart.svg.tex) [108]
Overfull \hbox (27.58434pt too wide) in paragraph at lines 217--219
[]\JY1/mc/m/it/10 与えられた画像に対し別の色に変えるフ ィ ルタとして \OT1/cmtt/
m/n/10 feColorMatrix \JY1/mc/m/it/10 フ ィ ルタ[][]と \OT1/cmtt/m/n/10 feCompon
entTransfer
 []


Overfull \hbox (14.6199pt too wide) in paragraph at lines 220--224
[]\OT1/cmtt/m/n/10 feColorMatrix \JY1/mc/m/it/10 フ ィ ルタ[][]の属性 \OT1/cmtt
/m/n/10 type[][] \JY1/mc/m/it/10 の値として \OT1/cmtt/m/n/10 matrix[][]\OT1/ptm
/m/n/10 , \OT1/cmtt/m/n/10 hueRotate[][]\OT1/ptm/m/n/10 , \OT1/cmtt/m/n/10 satu
rate[][]\OT1/ptm/m/n/10 , \OT1/cmtt/m/n/10 luminanceToAlpha[][]
 []

File: ./CH6/colormatrix.eps Graphic file (type eps)
<./CH6/colormatrix.eps> [109] [110]
CH6-svg-CMatrix-svg
(./CH6/svg-CMatrix.svg.tex)
Overfull \hbox (1.90178pt too wide) in paragraph at lines 244--246
[]\JY1/mc/m/it/10 各フ ィ ルタの解説は次の項で解説します。 なお 、 このフ ィ ル
タが使用する変換式は \OT1/ptm/m/n/10 W3C \JY1/mc/m/it/10 の \OT1/ptm/m/n/10 SVG
([[]])
 []

[111]
File: ./CH6/hueRotation.eps Graphic file (type eps)
 <./CH6/hueRotation.eps> [112] [113] [114]
CH6-svg-colorhue-Ex-svg
(./CH6/svg-colorhue-Ex.svg.tex) [115]
File: ./CH6/feflood.eps Graphic file (type eps)
 <./CH6/feflood.eps> [116]
CH6-svg-feflood-svg
(./CH6/svg-feflood.svg.tex)
Overfull \hbox (8.06024pt too wide) in paragraph at lines 485--512
[]\OT1/cmtt/m/n/10 feMerge \JY1/mc/m/it/10 フ ィ ルタ[][]のように二つのソ ース
から新しい画像を作成する一般的なものとして \OT1/cmtt/m/n/10 feComposite
 []

[117]
File: ./CH6/svg-feComposite.eps Graphic file (type eps)
 <./CH6/svg-feComposite.eps> [118] [119]
CH6-svg-feComposite-svg
(./CH6/svg-feComposite.svg.tex)
File: ./CH6/svg-feLight.eps Graphic file (type eps)
 <./CH6/svg-feLight.eps>
Overfull \hbox (60.01306pt too wide) in paragraph at lines 549--562
[]\JY1/mc/m/it/10 画像に光を当て \OT1/ptm/m/n/10 3D \JY1/mc/m/it/10 のように見
せる効果を出すフ ィ ルタとして \OT1/cmtt/m/n/10 feDiffuseLighting \JY1/mc/m/it/
10 要素[][]と \OT1/cmtt/m/n/10 feSpecularLighting
 []

[120] [121]
CH6-svg-feLight-Ex-svg
(./CH6/svg-feLight-Ex.svg.tex) [122]
CH6-svg-feLightS-svg
(./CH6/svg-feLightS.svg.tex)
Overfull \hbox (2.62805pt too wide) in paragraph at lines 600--603
[]\JY1/mc/m/it/10 この画像のアルフ ァ 値に \OT1/ptm/m/n/10 (\OT1/cmtt/m/n/10 in
="SourceAlpha"\OT1/ptm/m/n/10 ) \JY1/mc/m/it/10 アルフ ァ 値を変化させるために 
\OT1/cmtt/m/n/10 feGaussianBlur
 []

File: ./CH6/filterturbulance.eps Graphic file (type eps)
<./CH6/filterturbulance.eps> [123]
CH6-svg-filterturbulance-svg
(./CH6/svg-filterturbulance.svg.tex)) [124] (./CH7/07svg-withjavascript.tex
第 7 章
(./CH7/0701Javascript.tex [125


]) (./CH7/0702DOM.tex
File: ./CH7/developertool1.eps Graphic file (type eps)
 <./CH7/developertool1.eps>
[126] [127]
File: ./CH7/developertool2.eps Graphic file (type eps)
 <./CH7/developertool2.eps>
File: ./CH7/developertool3.eps Graphic file (type eps)
 <./CH7/developertool3.eps> [128]
File: ./CH7/developertool4.eps Graphic file (type eps)

<./CH7/developertool4.eps>
File: ./CH7/developertool5.eps Graphic file (type eps)
 <./CH7/developertool5.eps> [129] [130]
(./CH7/07021DOMMethod.tex
Overfull \hbox (3.21811pt too wide) in alignment at lines 9--14
 [] [] [] 
 []


Overfull \hbox (3.21811pt too wide) in alignment at lines 14--19
 [] [] [] 
 []


Overfull \hbox (3.21811pt too wide) in alignment at lines 19--21
 [] [] [] 
 []


Overfull \hbox (3.21811pt too wide) in alignment at lines 21--22
 [] [] [] 
 []


Overfull \hbox (3.21811pt too wide) in alignment at lines 22--73
 [] [] [] 
 []


Overfull \hbox (3.21811pt too wide) in alignment at lines 73--74
 [] [] [] 
 []

[131])
Overfull \hbox (12.25023pt too wide) in paragraph at lines 195--199
[]\JY1/mc/m/it/10 ある要素に子要素がある場合 、 その \OT1/cmtt/m/n/10 firstChil
d.previousSibling \JY1/mc/m/it/10 や \OT1/cmtt/m/n/10 lastChild.nextSibling
 []

) (./CH7/0710Event.tex [132] [133]) (./CH7/0720JS-in-svg.tex
Underfull \hbox (badness 1460) in paragraph at lines 31--31
\JY1/mc/m/it/10 領域における相対的な $\OML/ztmcm/m/it/10 x$ \JY1/mc/m/it/10 座
標
 []


Underfull \hbox (badness 1199) in paragraph at lines 31--31
\OT1/ptm/m/n/10 (\JY1/mc/m/it/10 スクロ ールしている場合には
 []


Underfull \hbox (badness 1466) in paragraph at lines 34--34
\JY1/mc/m/it/10 領域における相対的な $\OML/ztmcm/m/it/10 y$ \JY1/mc/m/it/10 座
標
 []


Underfull \hbox (badness 1199) in paragraph at lines 34--34
\OT1/ptm/m/n/10 (\JY1/mc/m/it/10 スクロ ールしている場合には
 []


Underfull \hbox (badness 10000) in paragraph at lines 50--50
[]\OT1/cmtt/m/n/10 Event.CAPUTURING[]PHASE[]\OT1/ptm/m/n/10 ($\OT1/ztmcm/m/n/10
 1$\OT1/ptm/m/n/10 )\JY1/mc/m/it/10 、
 []


Underfull \hbox (badness 10000) in paragraph at lines 50--50
\OT1/cmtt/m/n/10 Event.AT[]TARGET[]\OT1/ptm/m/n/10 ($\OT1/ztmcm/m/n/10 2$\OT1/p
tm/m/n/10 )\JY1/mc/m/it/10 、
 []


Underfull \hbox (badness 10000) in paragraph at lines 50--50
\OT1/cmtt/m/n/10 Event.BUBBLING[]PHASE[]\OT1/ptm/m/n/10 ($\OT1/ztmcm/m/n/10 3$\
OT1/ptm/m/n/10 )
 []


Overfull \hbox (7.66623pt too wide) in paragraph at lines 18--54
 [][] 
 []

[134] [135]
File: ./CH7/svg-js-click.eps Graphic file (type eps)
 <./CH7/svg-js-click.eps>
CH7-svg-js-click-svg
(./CH7/svg-js-click.svg.tex) [136]
Overfull \hbox (8.0181pt too wide) in paragraph at lines 95--101
[]\OT1/ptm/m/n/10 JavaScript \JY1/mc/m/it/10 内で\OT1/cmtt/m/n/10 <\JY1/mc/m/it
/10 が要素の開始とブラウザに解釈されないための対策としてプログラムは\OT1/cmtt/m
/n/10 <![CDATA
 []

LaTeX Font Info:    Try loading font information for OMS+cmtt on input line 124
.
LaTeX Font Info:    No file OMScmtt.fd. on input line 124.

LaTeX Font Warning: Font shape `OMS/cmtt/m/n' undefined
(Font)              using `OMS/cmsy/m/n' instead
(Font)              for symbol `textbraceleft' on input line 124.

[137]
CH7-svg-js-click-rev-svg
(./CH7/svg-js-click-rev.svg.tex) [138]
File: ./CH7/svg-js-click2.eps Graphic file (type eps)
 <./CH7/svg-js-click2.eps>
CH7-svg-js-click2-svg
(./CH7/svg-js-click2.svg.tex) [139]
File: ./CH7/svg-js-click3-1.eps Graphic file (type eps)
 <./CH7/svg-js-click3-1.eps>
File: ./CH7/svg-js-click3-2.eps Graphic file (type eps)

<./CH7/svg-js-click3-2.eps> [140]
CH7-svg-js-click3-svg
(./CH7/svg-js-click3.svg.tex)
File: ./CH7/svg-js-showclickpos-1.eps Graphic file (type eps)
 <./CH7/svg-js-showclickpos-1.eps>
File: ./CH7/svg-js-showclickpos-2.eps Graphic file (type eps)

<./CH7/svg-js-showclickpos-2.eps> [141] [142]
CH7-svg-js-showclickpos-svg
(./CH7/svg-js-showclickpos.svg.tex) [143]
CH7-svg-js-showclickpos2-svg
(./CH7/svg-js-showclickpos2.svg.tex) [144] [145]
CH7-svg-js-click-rev2-svg
(./CH7/svg-js-click-rev2.svg.tex)
Overfull \hbox (3.0926pt too wide) in paragraph at lines 494--497
\JY1/mc/m/it/10 ドラ ッ グの操作中に \OT1/ptm/m/n/10 () \JY1/mc/m/it/10 内のイ
ベントを処理する必要があります。 ここで注意して欲しいのは \OT1/cmtt/m/n/10 mous
emove[][]
 []

[146]
File: ./CH7/svg-drag-1.eps Graphic file (type eps)
 <./CH7/svg-drag-1.eps>
File: ./CH7/svg-drag-2.eps Graphic file (type eps)
 <./CH7/svg-drag-2.eps> [147]
CH7-svg-js-drag-svg
(./CH7/svg-js-drag.svg.tex)
File: ./CH7/filter-scroll.eps Graphic file (type eps)
 <./CH7/filter-scroll.eps> [148] [149]
CH7-svg-filterturbulance-interactive-svg
(./CH7/svg-filterturbulance-interactive.svg.tex) [150] (./CH7/07201Math.tex)
File: ./CH7/filter-scroll-pushbutton.eps Graphic file (type eps)

<./CH7/filter-scroll-pushbutton.eps>
File: ./CH7/add-lines.eps Graphic file (type eps)
 <./CH7/add-lines.eps> [151] [152] [153]
CH7-svg-js-add-lines-svg
(./CH7/svg-js-add-lines.svg.tex) [154]
File: ./CH7/svg-js-add-lines-color.eps Graphic file (type eps)
 <./CH7/svg-js-add-lines-color.eps>
[155]
CH7-svg-js-drag-rev-svg
(./CH7/svg-js-drag-rev.svg.tex)
File: ./CH7/svg-drag-rev.eps Graphic file (type eps)
 <./CH7/svg-drag-rev.eps>)
(./CH7/0740MakeObjectsAtStart.tex (./CH7/0741makecurve.tex
File: ./CH7/cycloid.eps Graphic file (type eps)
 <./CH7/cycloid.eps>
[156] [157]
CH7-svg-cycloid-svg
(./CH7/svg-cycloid.svg.tex)) (./CH7/0745OI.tex [158] [159] [160]
Overfull \hbox (8.28474pt too wide) in paragraph at lines 138--144
[]\JY1/mc/m/it/10 このような関数 \OT1/ptm/m/n/10 (\JY1/mc/m/it/10 ヘルパ ー関数
\OT1/ptm/m/n/10 ) \JY1/mc/m/it/10 を提供するライブラリ ーとしては \OT1/cmtt/m/n
/10 jQuery.js[] \JY1/mc/m/it/10 が有名です。 \OT1/cmtt/m/n/10 jQuery.js
 []

[161]
CH7-make-svg-elm-js
(./CH7/make-svg-elm.js.tex) [162]
File: ./CH7/zollner.eps Graphic file (type eps)
 <./CH7/zollner.eps> [163] [164]
CH7-svg-js-zollner-svg
(./CH7/svg-js-zollner.svg.tex) [165]
File: ./CH7/neckress-ring.eps Graphic file (type eps)
 <./CH7/neckress-ring.eps>
File: ./CH7/pinna.eps Graphic file (type eps)

<./CH7/pinna.eps> [166] [167]
CH7-svg-pinna-svg
(./CH7/svg-pinna.svg.tex))) (./CH7/0750SelfAnimation.tex [168]
CH7-svg-js-clickanimation2-svg
(./CH7/svg-js-clickanimation2.svg.tex)
File: ./CH7/cycloid-animation.eps Graphic file (type eps)
 <./CH7/cycloid-animation.eps> [169]
[170]
CH7-svg-cycloid-animation-svg
(./CH7/svg-cycloid-animation.svg.tex)
File: ./CH7/show-text-color.eps Graphic file (type eps)
 <./CH7/show-text-color.eps> [171]
[172]
CH7-show-text-color-svg
(./CH7/show-text-color.svg.tex) [173]
Overfull \hbox (32.21188pt too wide) in paragraph at lines 169--171
[]\JY1/mc/m/it/10 表示するテキストはテキストノ ードを作成してから 、 元のノ ー
ドを置き換えます \OT1/ptm/m/n/10 (\OT1/cmtt/m/n/10 replaceChild[][]\OT1/ptm/m/n
/10 )\JY1/mc/m/it/10 。 
 []

[174]
File: ./CH7/random.eps Graphic file (type eps)
 <./CH7/random.eps>) (./CH7/0760HTML.tex
(./CH7/0761ExchangeDataBetweenSVGAndHTML.tex [175]
File: ./CH7/ShowSetClickPos2.eps Graphic file (type eps)

<./CH7/ShowSetClickPos2.eps> [176]
CH7-ShowSetClickPos4-html
(./CH7/ShowSetClickPos4.html.tex) [177]
CH7-HTML-css
(./CH7/HTML.css.tex) [178] [179]
CH7-SSClickPos-js
(./CH7/SSClickPos.js.tex) [180]
Overfull \hbox (9.29164pt too wide) in paragraph at lines 171--174
\JY1/mc/m/it/10 内での位置とは異なります。 要素が配置された位置を得るための関数
が \OT1/cmtt/m/n/10 getBoundingClientRect[]
 []

File: ./CH7/pinna.html.eps Graphic file (type eps)
<./CH7/pinna.html.eps> [181]
CH7-pinna-html
(./CH7/pinna.html.tex) [182]
CH7-pinna-css
(./CH7/pinna.css.tex) [183]
CH7-pinna-js
(./CH7/pinna.js.tex))) (./CH7/0770Closure.tex (./JavaScript/2005ArrayMethod.tex

Overfull \hbox (6.32967pt too wide) in paragraph at lines 21--21
[]| | []| 
 []


Overfull \hbox (3.96638pt too wide) in paragraph at lines 43--43
[]|\OT1/cmtt/m/n/10 unshift[][](i1[,i2,...])| 
 []


Overfull \hbox (3.52751pt too wide) in paragraph at lines 49--49
[]| \OT1/cmtt/m/n/10 (from,No,i1,i2,...)| 
 []

[184] [185] [186]) (./CH7/0771arraymethod.tex [187]
CH7-pinna-rev-js
(./CH7/pinna-rev.js.tex)) (./CH7/0775ClosureContents.tex [188] [189] [190]
CH7-svg-cycloid-animation-with-closure3-svg
(./CH7/svg-cycloid-animation-with-closure3.svg.tex)) (./CH7/0777webstorage.tex
[191]
CH7-pinna-storage-js
(./CH7/pinna-storage.js.tex)
Overfull \hbox (12.6025pt too wide) in paragraph at lines 24--27
[][]\OT1/ptm/m/n/10 1 \JY1/mc/m/it/10 行目で変数 \OT1/cmtt/m/n/10 Storage \JY1/
mc/m/it/10 に \OT1/cmtt/m/n/10 window.localStorage \JY1/mc/m/it/10 を代入してい
ます。 これは後で \OT1/cmtt/m/n/10 sessionStorage[]
 []

[192]
File: ./CH7/pinna-storage.eps Graphic file (type eps)
 <./CH7/pinna-storage.eps> [193]
CH7-pinna-storage-rev-js
(./CH7/pinna-storage-rev.js.tex)))) [194] (./CH8/08svgwithserver.tex
第 8 章
[195


] (./CH8/0810php.tex
File: ./CH8/npolygon-server.eps Graphic file (type eps)
 <./CH8/npolygon-server.eps>
File: ./CH8/npolygon-server-res.eps Graphic file (type eps)

<./CH8/npolygon-server-res.eps> [196]
CH8-npolygon-server-html
(./CH8/npolygon-server.html.tex)
Overfull \hbox (21.39722pt too wide) in paragraph at lines 24--27
[]\JY1/mc/m/it/10 デ ータを送るときに呼び出される \OT1/ptm/m/n/10 URL \JY1/mc/m
/it/10 は \OT1/cmtt/m/n/10 action[][] \JY1/mc/m/it/10 で指定します。 ここでは\O
T1/cmtt/m/n/10 ./svg-polygon.php
 []

[197] [198]
CH8-svg-func-php
(./CH8/svg-func.php.tex) [199] [200]
CH8-svg-polygon-php
(./CH8/svg-polygon.php.tex) [201]
Overfull \hbox (3.14185pt too wide) in paragraph at lines 197--201
[][]\OT1/ptm/m/n/10 9 \JY1/mc/m/it/10 行目で計算して \OT1/cmtt/m/n/10 pathStrin
g \JY1/mc/m/it/10 に付け加えています。 数値を文字列に直すために \OT1/cmtt/m/n/1
0 sprintf()[]
 []

[202] [203]
File: ./CH8/npolygon-server-restoFile.eps Graphic file (type eps)
 <./CH8/npolygon-server-restoFile.eps> [204]
CH8-server-php
(./CH8/server.php.tex)) (./CH8/0820Ajax.tex [205] [206]
File: ./CH8/test-ajax-start.eps Graphic file (type eps)

<./CH8/test-ajax-start.eps>
File: ./CH8/test-ajax-data.eps Graphic file (type eps)
 <./CH8/test-ajax-data.eps>
File: ./CH8/test-ajax-show.eps Graphic file (type eps)

<./CH8/test-ajax-show.eps> [207] [208]
CH8-test-ajax-html
(./CH8/test-ajax.html.tex) [209]
CH8-Ajax-js
(./CH8/Ajax.js.tex) [210] [211]
CH8-svg-polygon-ajax-php
(./CH8/svg-polygon-ajax.php.tex) [212]) (./CH8/0850jQuery.tex
\c@Func=\count131
 [213]
Overfull \hbox (31.39487pt too wide) in paragraph at lines 54--56
[]\JY1/mc/m/it/10 テキストで表される要素を作成し 、 この要素を表す \OT1/ptm/m/n
/10 jQuery \JY1/mc/m/it/10 オブジ ェ クトを返します。 \OT1/cmtt/m/n/10 createEl
ement()
 []

[214]
Overfull \hbox (1.23032pt too wide) in paragraph at lines 140--145
\JY1/mc/m/it/10 このほかに 、 特殊なメソ ッ ドとして \OT1/cmtt/m/n/10 hover()[]
[] \JY1/mc/m/it/10 があります。 これは \OT1/cmtt/m/n/10 mouseenter[][] \JY1/mc/
m/it/10 イベントと \OT1/cmtt/m/n/10 mouseleave[][]
 []

[215] [216] [217]
CH8-ShowSetClickPos-jQuery-html
(./CH8/ShowSetClickPos-jQuery.html.tex) [218] [219]
CH8-Ajax-jQuery-js
(./CH8/Ajax-jQuery.js.tex))) [220] (./Appendix/color-f.tex
付 録 A  
(./Appendix/color-fff.tex [1


] [2] [3])) [4] (./Appendix/99refference.tex
付 録 B  
[5


] (./Appendix/thebibliography.tex [6]
Overfull \hbox (50.98616pt too wide) in paragraph at lines 31--35
[]\OT1/ptm/m/n/10 ECMA, []JSON[], \OT1/cmtt/m/n/10 http://www.ecma-internationa
l.org/publications/files/ECMA-ST/ECMA-404.pdf\OT1/ptm/m/n/10 ,
 []

[7

]) [8]) (./Appendix/CSS.tex
付 録 C  

Overfull \hbox (25.86484pt too wide) in alignment at lines 12--16
 [] [] 
 []


Overfull \hbox (25.86484pt too wide) in alignment at lines 16--20
 [] [] 
 []


Overfull \hbox (25.86484pt too wide) in alignment at lines 20--22
 [] [] 
 []


Overfull \hbox (25.86484pt too wide) in alignment at lines 22--24
 [] [] 
 []


Overfull \hbox (25.86484pt too wide) in alignment at lines 24--79
 [] [] 
 []


Overfull \hbox (25.86484pt too wide) in alignment at lines 79--134
 [] [] 
 []

[9



] [10]) [11]

Package hyperref Warning: The anchor of a bookmark and its parent's must not
(hyperref)                be the same. Added a new anchor on input line 59.

(./indexSVG.ind [12


] [13] [14] [15] [16] [17] [18

]) (./indexHTML.ind [19


]
[20

]) (./indexJS.ind [21


] [22] [23]
Overfull \hbox (4.08173pt too wide) in paragraph at lines 446--448
[]\OT1/cmtt/m/n/9 previousElementSibling\OT1/ptm/m/n/9 (DOM \JY1/mc/m/n/9 のプ
ロパテ ィ \OT1/ptm/m/n/9 )  []133[] 
 []

[24] [25

]) (./indexPHP.ind [26


]) (./index.ind [27


] [28] [29])
Package atveryend Info: Empty hook `BeforeClearDocument' on input line 66.
Package atveryend Info: Empty hook `AfterLastShipout' on input line 66.
 (./00svg-all.aux)
Package atveryend Info: Empty hook `AtVeryEndDocument' on input line 66.
Package atveryend Info: Executing hook `AtEndAfterFileList' on input line 66.

Package rerunfilecheck Warning: File `00svg-all.out' has changed.
(rerunfilecheck)                Rerun to get outlines right
(rerunfilecheck)                or use package `bookmark'.

Package rerunfilecheck Info: Checksums for `00svg-all.out':
(rerunfilecheck)             Before: 3C00EFECA9FE7C23BBFD2B40AE414A43;23183
(rerunfilecheck)             After:  566FD411198EC149BF6646854A7B7E0D;9818.

LaTeX Font Warning: Some font shapes were not available, defaults substituted.

Package atveryend Info: Empty hook `AtVeryVeryEnd' on input line 66.
 ) 
Here is how much of TeX's memory you used:
 8728 strings out of 493705
 145647 string characters out of 6152319
 270994 words of memory out of 5000000
 11560 multiletter control sequences out of 15000+600000
 49654 words of font info for 147 fonts, out of 8000000 for 9000
 929 hyphenation exceptions out of 8191
 31i,20n,37p,572b,614s stack positions out of 5000i,500n,10000p,500000b,80000s

Output written on 00svg-all.dvi (255 pages, 1542804 bytes).
